
Showing logs for build [32mcb-kubecd-environment-pr-230-15-x8vqd-1[0m stage [32mfrom-build-pack[0m and container [32mstep-credential-initializer-f7gk5[0m
{"level":"info","ts":1590250718.6168067,"logger":"fallback-logger","caller":"logging/config.go:69","msg":"Fetch GitHub commit ID from kodata failed: open /var/run/ko/refs/heads/0.8.0-ns-support: no such file or directory"}
{"level":"info","ts":1590250718.6171472,"logger":"fallback-logger","caller":"creds-init/main.go:40","msg":"Credentials initialized."}

Showing logs for build [32mcb-kubecd-environment-pr-230-15-x8vqd-1[0m stage [32mfrom-build-pack[0m and container [32mstep-working-dir-initializer-gchq9[0m
{"level":"info","ts":1590250719.6263237,"logger":"fallback-logger","caller":"logging/config.go:69","msg":"Fetch GitHub commit ID from kodata failed: open /var/run/ko/HEAD: no such file or directory"}
{"level":"info","ts":1590250719.6270978,"logger":"fallback-logger","caller":"bash/main.go:64","msg":"Successfully executed command \"sh -c mkdir -p /workspace/source\"; output "}

Showing logs for build [32mcb-kubecd-environment-pr-230-15-x8vqd-1[0m stage [32mfrom-build-pack[0m and container [32mstep-place-tools[0m

Showing logs for build [32mcb-kubecd-environment-pr-230-15-x8vqd-1[0m stage [32mfrom-build-pack[0m and container [32mstep-git-source-cb-kubecd-environment-pr-230-15-x8vqd-48g66[0m
{"level":"info","ts":1590250723.7557971,"logger":"fallback-logger","caller":"logging/config.go:69","msg":"Fetch GitHub commit ID from kodata failed: open /var/run/ko/refs/heads/0.8.0-ns-support: no such file or directory"}
{"level":"info","ts":1590250723.9558232,"logger":"fallback-logger","caller":"git/git.go:103","msg":"Successfully cloned https://github.com/cb-kubecd/environment-pr-230-15-boot-eks-staging.git @ master in path /workspace/source"}

Showing logs for build [32mcb-kubecd-environment-pr-230-15-x8vqd-1[0m stage [32mfrom-build-pack[0m and container [32mstep-git-merge[0m
Using SHAs from PULL_REFS=master:56f863db8b3d60265d791ee5f90dcc78574cd4d2,3:e79005cc59f0b93484352720de9645a235ccc519
DEBUG: LC_ALL=C JX_LOG_LEVEL=error git fetch origin --unshallow e79005cc59f0b93484352720de9645a235ccc519: 56f863db8b3d60265d791ee5f90dcc78574cd4d2:
DEBUG: ran git fetch --unshallow origin e79005cc59f0b93484352720de9645a235ccc519: 56f863db8b3d60265d791ee5f90dcc78574cd4d2: in 
DEBUG: LC_ALL=C JX_LOG_LEVEL=error git branch
DEBUG: LC_ALL=C JX_LOG_LEVEL=error git checkout master
DEBUG: ran git checkout master in 
DEBUG: LC_ALL=C JX_LOG_LEVEL=error git reset --hard 56f863db8b3d60265d791ee5f90dcc78574cd4d2
DEBUG: ran git reset --hard 56f863db8b3d60265d791ee5f90dcc78574cd4d2 in 
DEBUG: LC_ALL=C JX_LOG_LEVEL=error git clean -fd .
DEBUG: ran clean --force -d . in 
DEBUG: LC_ALL=C JX_LOG_LEVEL=error git merge e79005cc59f0b93484352720de9645a235ccc519
DEBUG: ran git merge e79005cc59f0b93484352720de9645a235ccc519 in 
DEBUG: LC_ALL=C JX_LOG_LEVEL=error git log --format=%H%x1f%an%x1f%ae%x1f%cn%x1f%ce%x1f%s%n%b%x1e 56f863db8b3d60265d791ee5f90dcc78574cd4d2..HEAD
Merged SHA e79005cc59f0b93484352720de9645a235ccc519 with commit message 'chore: Promote bdd-sbhg-1590247020 to version 0.0.1' into base branch master

Showing logs for build [32mcb-kubecd-environment-pr-230-15-x8vqd-1[0m stage [32mfrom-build-pack[0m and container [32mstep-build-helm-build[0m
WARNING: No $CHART_REPOSITORY defined so using the default value of: http://jenkins-x-chartmuseum:8080
Adding missing Helm repo: storage.googleapis.com https://storage.googleapis.com/chartmuseum.jenkins-x.io
WARNING: No secrets found on "helm/repos" due: reading the secret "helm/repos" from vault: no secret "helm/repos" not found in vault
Read credentials for https://storage.googleapis.com/chartmuseum.jenkins-x.io from vault helm/repos
Successfully added Helm repository storage.googleapis.com.
Adding missing Helm repo: jenkins-x-chartmuseum http://jenkins-x-chartmuseum:8080
WARNING: No secrets found on "helm/repos" due: reading the secret "helm/repos" from vault: no secret "helm/repos" not found in vault
Read credentials for http://jenkins-x-chartmuseum:8080 from vault helm/repos
Successfully added Helm repository jenkins-x-chartmuseum.
WARNING: No $CHART_REPOSITORY defined so using the default value of: http://jenkins-x-chartmuseum:8080
Adding missing Helm repo: chartmuseum.jenkins-x.io http://chartmuseum.jenkins-x.io
WARNING: No secrets found on "helm/repos" due: reading the secret "helm/repos" from vault: no secret "helm/repos" not found in vault
Read credentials for http://chartmuseum.jenkins-x.io from vault helm/repos
Successfully added Helm repository chartmuseum.jenkins-x.io.
