
Showing logs for build [32mcb-kubecd-environment-pr-230-15-24bdj-1[0m stage [32mfrom-build-pack[0m and container [32mstep-credential-initializer-f8xnm[0m
{"level":"info","ts":1590253487.8022058,"logger":"fallback-logger","caller":"logging/config.go:69","msg":"Fetch GitHub commit ID from kodata failed: open /var/run/ko/refs/heads/0.8.0-ns-support: no such file or directory"}
{"level":"info","ts":1590253487.802494,"logger":"fallback-logger","caller":"creds-init/main.go:40","msg":"Credentials initialized."}

Showing logs for build [32mcb-kubecd-environment-pr-230-15-24bdj-1[0m stage [32mfrom-build-pack[0m and container [32mstep-working-dir-initializer-qbztt[0m
{"level":"info","ts":1590253488.770501,"logger":"fallback-logger","caller":"logging/config.go:69","msg":"Fetch GitHub commit ID from kodata failed: open /var/run/ko/HEAD: no such file or directory"}
{"level":"info","ts":1590253488.7713683,"logger":"fallback-logger","caller":"bash/main.go:64","msg":"Successfully executed command \"sh -c mkdir -p /workspace/source\"; output "}

Showing logs for build [32mcb-kubecd-environment-pr-230-15-24bdj-1[0m stage [32mfrom-build-pack[0m and container [32mstep-place-tools[0m

Showing logs for build [32mcb-kubecd-environment-pr-230-15-24bdj-1[0m stage [32mfrom-build-pack[0m and container [32mstep-git-source-cb-kubecd-environment-pr-230-15-24bdj-9b4wx[0m
{"level":"info","ts":1590253491.8400989,"logger":"fallback-logger","caller":"logging/config.go:69","msg":"Fetch GitHub commit ID from kodata failed: open /var/run/ko/refs/heads/0.8.0-ns-support: no such file or directory"}
{"level":"info","ts":1590253492.067977,"logger":"fallback-logger","caller":"git/git.go:103","msg":"Successfully cloned https://github.com/cb-kubecd/environment-pr-230-15-boot-eks-staging.git @ master in path /workspace/source"}

Showing logs for build [32mcb-kubecd-environment-pr-230-15-24bdj-1[0m stage [32mfrom-build-pack[0m and container [32mstep-git-merge[0m
Using SHAs from PULL_REFS=master:cb53ae43e706ff940bf3e4018f0cced20e8a69e9,4:31ed5e398c1145bd3be7151eb0758688f908b32e
DEBUG: LC_ALL=C JX_LOG_LEVEL=error git fetch origin --unshallow 31ed5e398c1145bd3be7151eb0758688f908b32e: cb53ae43e706ff940bf3e4018f0cced20e8a69e9:
DEBUG: ran git fetch --unshallow origin 31ed5e398c1145bd3be7151eb0758688f908b32e: cb53ae43e706ff940bf3e4018f0cced20e8a69e9: in 
DEBUG: LC_ALL=C JX_LOG_LEVEL=error git branch
DEBUG: LC_ALL=C JX_LOG_LEVEL=error git checkout master
DEBUG: ran git checkout master in 
DEBUG: JX_LOG_LEVEL=error LC_ALL=C git reset --hard cb53ae43e706ff940bf3e4018f0cced20e8a69e9
DEBUG: ran git reset --hard cb53ae43e706ff940bf3e4018f0cced20e8a69e9 in 
DEBUG: JX_LOG_LEVEL=error LC_ALL=C git clean -fd .
DEBUG: ran clean --force -d . in 
DEBUG: LC_ALL=C JX_LOG_LEVEL=error git merge 31ed5e398c1145bd3be7151eb0758688f908b32e
DEBUG: ran git merge 31ed5e398c1145bd3be7151eb0758688f908b32e in 
DEBUG: LC_ALL=C JX_LOG_LEVEL=error git log --format=%H%x1f%an%x1f%ae%x1f%cn%x1f%ce%x1f%s%n%b%x1e cb53ae43e706ff940bf3e4018f0cced20e8a69e9..HEAD
Merged SHA 31ed5e398c1145bd3be7151eb0758688f908b32e with commit message 'chore: Promote bdd-nh-1590247020 to version 0.0.1' into base branch master

Showing logs for build [32mcb-kubecd-environment-pr-230-15-24bdj-1[0m stage [32mfrom-build-pack[0m and container [32mstep-build-helm-build[0m
WARNING: No $CHART_REPOSITORY defined so using the default value of: http://jenkins-x-chartmuseum:8080
Adding missing Helm repo: storage.googleapis.com https://storage.googleapis.com/chartmuseum.jenkins-x.io
WARNING: No secrets found on "helm/repos" due: reading the secret "helm/repos" from vault: no secret "helm/repos" not found in vault
Read credentials for https://storage.googleapis.com/chartmuseum.jenkins-x.io from vault helm/repos
Successfully added Helm repository storage.googleapis.com.
Adding missing Helm repo: jenkins-x-chartmuseum http://jenkins-x-chartmuseum:8080
WARNING: No secrets found on "helm/repos" due: reading the secret "helm/repos" from vault: no secret "helm/repos" not found in vault
Read credentials for http://jenkins-x-chartmuseum:8080 from vault helm/repos
Successfully added Helm repository jenkins-x-chartmuseum.
WARNING: No $CHART_REPOSITORY defined so using the default value of: http://jenkins-x-chartmuseum:8080
Adding missing Helm repo: chartmuseum.jenkins-x.io http://chartmuseum.jenkins-x.io
WARNING: No secrets found on "helm/repos" due: reading the secret "helm/repos" from vault: no secret "helm/repos" not found in vault
Read credentials for http://chartmuseum.jenkins-x.io from vault helm/repos
Successfully added Helm repository chartmuseum.jenkins-x.io.
